<?xml version="1.0" encoding="utf-8"?><testsuites><testsuite errors="0" failures="0" hostname="LAPTOP-EBFN33M4" name="pytest" skipped="0" tests="4" time="5.705" timestamp="2020-05-17T21:03:07.609092"><testcase classname="test_submit" file="test_submit.py" line="3" name="test_q1" time="0.116"></testcase><testcase classname="test_submit" file="test_submit.py" line="8" name="test_q2" time="0.066"></testcase><testcase classname="test_submit" file="test_submit.py" line="13" name="test_q3" time="0.125"></testcase><testcase classname="test_submit" file="test_submit.py" line="18" name="test_q4" time="0.672"></testcase></testsuite></testsuites>